<?xml version="1.0" encoding="UTF-8"?>
<!-- Generated by org.testng.reporters.JUnitXMLReporter -->
<testsuite ignored="0" hostname="EPESMALW03F9" failures="0" tests="4" name="Default test" time="83.536" errors="0" timestamp="2023-02-04T14:20:03 CET">
  <testcase classname="test.SuiteTestCases" name="isPhoneNumberSame" time="4.707"/>
  <testcase classname="test.SuiteTestCases" name="isTextShowingMultipleTimes" time="3.329"/>
  <testcase classname="test.SuiteTestCases" name="isWarningMessageshow" time="0.877"/>
  <testcase classname="test.SuiteTestCases" name="isMonthsRetrieved" time="3.411"/>
</testsuite> <!-- Default test -->
