<?xml version="1.0" encoding="UTF-8"?>
<!-- Generated by org.testng.reporters.JUnitXMLReporter -->
<testsuite ignored="0" hostname="EPESMALW03F9" failures="1" tests="4" name="Contact Tests" time="66.461" errors="0" timestamp="2023-02-04T14:15:52 CET">
  <testcase classname="test.SuiteTestCases" name="isPhoneNumberSame" time="4.035"/>
  <testcase classname="test.SuiteTestCases" name="isTextShowingMultipleTimes" time="2.867"/>
  <testcase classname="test.SuiteTestCases" name="isWarningMessageshow" time="0.865"/>
  <testcase classname="test.SuiteTestCases" name="isMonthsRetrieved" time="3.394">
    <failure type="java.lang.AssertionError" message="expected [true] but found [false]">
      <![CDATA[java.lang.AssertionError: expected [true] but found [false]
at test.SuiteTestCases.isMonthsRetrieved(SuiteTestCases.java:67)
at java.base/java.util.ArrayList.forEach(ArrayList.java:1511)
... Removed 31 stack frames]]>
    </failure>
  </testcase> <!-- isMonthsRetrieved -->
</testsuite> <!-- Contact Tests -->
